This file contains any messages produced by compilers while
running configure, to aid debugging if configure makes a mistake.

It was created by Ipopt configure 3.13.2, which was
generated by GNU Autoconf 2.69.  Invocation command line was

  $ ../configure --prefix=/usr/local --disable-shared --with-pic

## --------- ##
## Platform. ##
## --------- ##

hostname = caros
uname -m = x86_64
uname -r = 5.3.0-51-generic
uname -s = Linux
uname -v = #44~18.04.2-Ubuntu SMP Thu Apr 23 14:27:18 UTC 2020

/usr/bin/uname -p = unknown
/bin/uname -X     = unknown

/bin/arch              = unknown
/usr/bin/arch -k       = unknown
/usr/convex/getsysinfo = unknown
/usr/bin/hostinfo      = unknown
/bin/machine           = unknown
/usr/bin/oslevel       = unknown
/bin/universe          = unknown

PATH: /home/caros/.BCloud/bin
PATH: /home/caros/.local/bin
PATH: /usr/local/sbin
PATH: /usr/local/bin
PATH: /usr/sbin
PATH: /usr/bin
PATH: /sbin
PATH: /bin
PATH: /usr/games
PATH: /usr/local/games
PATH: /snap/bin


## ----------- ##
## Core tests. ##
## ----------- ##

configure:3059: checking build system type
configure:3073: result: x86_64-pc-linux-gnu
configure:3202: checking host system type
configure:3215: result: x86_64-pc-linux-gnu
configure:3251: checking for a BSD-compatible install
configure:3319: result: /usr/bin/install -c
configure:3330: checking whether build environment is sane
configure:3385: result: yes
configure:3536: checking for a thread-safe mkdir -p
configure:3575: result: /bin/mkdir -p
configure:3582: checking for gawk
configure:3598: found /usr/bin/gawk
configure:3609: result: gawk
configure:3620: checking whether make sets $(MAKE)
configure:3642: result: yes
configure:3740: checking whether make supports nested variables
configure:3757: result: yes
configure:3885: checking whether to enable maintainer-specific portions of Makefiles
configure:3894: result: no
configure:3957: checking whether make supports the include directive
configure:3972: make -f confmf.GNU && cat confinc.out
this is the am__doit target
configure:3975: $? = 0
configure:3994: result: yes (GNU style)
configure:4143: checking for gcc
configure:4159: found /usr/bin/gcc
configure:4170: result: gcc
configure:4201: checking for C compiler version
configure:4210: gcc --version >&5
gcc (Ubuntu 7.5.0-3ubuntu1~18.04) 7.5.0
Copyright (C) 2017 Free Software Foundation, Inc.
This is free software; see the source for copying conditions.  There is NO
warranty; not even for MERCHANTABILITY or FITNESS FOR A PARTICULAR PURPOSE.

configure:4221: $? = 0
configure:4210: gcc -v >&5
Using built-in specs.
COLLECT_GCC=gcc
COLLECT_LTO_WRAPPER=/usr/lib/gcc/x86_64-linux-gnu/7/lto-wrapper
OFFLOAD_TARGET_NAMES=nvptx-none
OFFLOAD_TARGET_DEFAULT=1
Target: x86_64-linux-gnu
Configured with: ../src/configure -v --with-pkgversion='Ubuntu 7.5.0-3ubuntu1~18.04' --with-bugurl=file:///usr/share/doc/gcc-7/README.Bugs --enable-languages=c,ada,c++,go,brig,d,fortran,objc,obj-c++ --prefix=/usr --with-gcc-major-version-only --program-suffix=-7 --program-prefix=x86_64-linux-gnu- --enable-shared --enable-linker-build-id --libexecdir=/usr/lib --without-included-gettext --enable-threads=posix --libdir=/usr/lib --enable-nls --enable-bootstrap --enable-clocale=gnu --enable-libstdcxx-debug --enable-libstdcxx-time=yes --with-default-libstdcxx-abi=new --enable-gnu-unique-object --disable-vtable-verify --enable-libmpx --enable-plugin --enable-default-pie --with-system-zlib --with-target-system-zlib --enable-objc-gc=auto --enable-multiarch --disable-werror --with-arch-32=i686 --with-abi=m64 --with-multilib-list=m32,m64,mx32 --enable-multilib --with-tune=generic --enable-offload-targets=nvptx-none --without-cuda-driver --enable-checking=release --build=x86_64-linux-gnu --host=x86_64-linux-gnu --target=x86_64-linux-gnu
Thread model: posix
gcc version 7.5.0 (Ubuntu 7.5.0-3ubuntu1~18.04) 
configure:4221: $? = 0
configure:4210: gcc -V >&5
gcc: error: unrecognized command line option '-V'
gcc: fatal error: no input files
compilation terminated.
configure:4221: $? = 1
configure:4210: gcc -qversion >&5
gcc: error: unrecognized command line option '-qversion'; did you mean '--version'?
gcc: fatal error: no input files
compilation terminated.
configure:4221: $? = 1
configure:4241: checking whether the C compiler works
configure:4263: gcc -O2 -DNDEBUG    conftest.c  >&5
configure:4267: $? = 0
configure:4315: result: yes
configure:4318: checking for C compiler default output file name
configure:4320: result: a.out
configure:4326: checking for suffix of executables
configure:4333: gcc -o conftest -O2 -DNDEBUG    conftest.c  >&5
configure:4337: $? = 0
configure:4359: result: 
configure:4381: checking whether we are cross compiling
configure:4389: gcc -o conftest -O2 -DNDEBUG    conftest.c  >&5
configure:4393: $? = 0
configure:4400: ./conftest
configure:4404: $? = 0
configure:4419: result: no
configure:4424: checking for suffix of object files
configure:4446: gcc -c -O2 -DNDEBUG   conftest.c >&5
configure:4450: $? = 0
configure:4471: result: o
configure:4475: checking whether we are using the GNU C compiler
configure:4494: gcc -c -O2 -DNDEBUG   conftest.c >&5
configure:4494: $? = 0
configure:4503: result: yes
configure:4512: checking whether gcc accepts -g
configure:4532: gcc -c -g  conftest.c >&5
configure:4532: $? = 0
configure:4573: result: yes
configure:4590: checking for gcc option to accept ISO C89
configure:4653: gcc  -c -O2 -DNDEBUG   conftest.c >&5
configure:4653: $? = 0
configure:4666: result: none needed
configure:4691: checking whether gcc understands -c and -o together
configure:4713: gcc -c conftest.c -o conftest2.o
configure:4716: $? = 0
configure:4713: gcc -c conftest.c -o conftest2.o
configure:4716: $? = 0
configure:4728: result: yes
configure:4747: checking dependency style of gcc
configure:4858: result: gcc3
configure:5003: checking for g++
configure:5019: found /usr/bin/g++
configure:5030: result: g++
configure:5057: checking for C++ compiler version
configure:5066: g++ --version >&5
g++ (Ubuntu 7.5.0-3ubuntu1~18.04) 7.5.0
Copyright (C) 2017 Free Software Foundation, Inc.
This is free software; see the source for copying conditions.  There is NO
warranty; not even for MERCHANTABILITY or FITNESS FOR A PARTICULAR PURPOSE.

configure:5077: $? = 0
configure:5066: g++ -v >&5
Using built-in specs.
COLLECT_GCC=g++
COLLECT_LTO_WRAPPER=/usr/lib/gcc/x86_64-linux-gnu/7/lto-wrapper
OFFLOAD_TARGET_NAMES=nvptx-none
OFFLOAD_TARGET_DEFAULT=1
Target: x86_64-linux-gnu
Configured with: ../src/configure -v --with-pkgversion='Ubuntu 7.5.0-3ubuntu1~18.04' --with-bugurl=file:///usr/share/doc/gcc-7/README.Bugs --enable-languages=c,ada,c++,go,brig,d,fortran,objc,obj-c++ --prefix=/usr --with-gcc-major-version-only --program-suffix=-7 --program-prefix=x86_64-linux-gnu- --enable-shared --enable-linker-build-id --libexecdir=/usr/lib --without-included-gettext --enable-threads=posix --libdir=/usr/lib --enable-nls --enable-bootstrap --enable-clocale=gnu --enable-libstdcxx-debug --enable-libstdcxx-time=yes --with-default-libstdcxx-abi=new --enable-gnu-unique-object --disable-vtable-verify --enable-libmpx --enable-plugin --enable-default-pie --with-system-zlib --with-target-system-zlib --enable-objc-gc=auto --enable-multiarch --disable-werror --with-arch-32=i686 --with-abi=m64 --with-multilib-list=m32,m64,mx32 --enable-multilib --with-tune=generic --enable-offload-targets=nvptx-none --without-cuda-driver --enable-checking=release --build=x86_64-linux-gnu --host=x86_64-linux-gnu --target=x86_64-linux-gnu
Thread model: posix
gcc version 7.5.0 (Ubuntu 7.5.0-3ubuntu1~18.04) 
configure:5077: $? = 0
configure:5066: g++ -V >&5
g++: error: unrecognized command line option '-V'
g++: fatal error: no input files
compilation terminated.
configure:5077: $? = 1
configure:5066: g++ -qversion >&5
g++: error: unrecognized command line option '-qversion'; did you mean '--version'?
g++: fatal error: no input files
compilation terminated.
configure:5077: $? = 1
configure:5081: checking whether we are using the GNU C++ compiler
configure:5100: g++ -c -O2 -DNDEBUG   conftest.cpp >&5
configure:5100: $? = 0
configure:5109: result: yes
configure:5118: checking whether g++ accepts -g
configure:5138: g++ -c -g  conftest.cpp >&5
configure:5138: $? = 0
configure:5179: result: yes
configure:5204: checking dependency style of g++
configure:5315: result: gcc3
configure:5338: checking whether g++ understands -c and -o together
configure:5362: g++ -O2 -DNDEBUG  -c conftest.cpp -o conftest2.o >&5
configure:5366: $? = 0
configure:5373: g++ -O2 -DNDEBUG  -c conftest.cpp -o conftest2.o >&5
configure:5377: $? = 0
configure:5385: result: yes
configure:5533: checking for gfortran
configure:5549: found /usr/bin/gfortran
configure:5560: result: gfortran
configure:5586: checking for Fortran 77 compiler version
configure:5595: gfortran --version >&5
GNU Fortran (Ubuntu 7.5.0-3ubuntu1~18.04) 7.5.0
Copyright (C) 2017 Free Software Foundation, Inc.
This is free software; see the source for copying conditions.  There is NO
warranty; not even for MERCHANTABILITY or FITNESS FOR A PARTICULAR PURPOSE.

configure:5606: $? = 0
configure:5595: gfortran -v >&5
Using built-in specs.
COLLECT_GCC=gfortran
COLLECT_LTO_WRAPPER=/usr/lib/gcc/x86_64-linux-gnu/7/lto-wrapper
OFFLOAD_TARGET_NAMES=nvptx-none
OFFLOAD_TARGET_DEFAULT=1
Target: x86_64-linux-gnu
Configured with: ../src/configure -v --with-pkgversion='Ubuntu 7.5.0-3ubuntu1~18.04' --with-bugurl=file:///usr/share/doc/gcc-7/README.Bugs --enable-languages=c,ada,c++,go,brig,d,fortran,objc,obj-c++ --prefix=/usr --with-gcc-major-version-only --program-suffix=-7 --program-prefix=x86_64-linux-gnu- --enable-shared --enable-linker-build-id --libexecdir=/usr/lib --without-included-gettext --enable-threads=posix --libdir=/usr/lib --enable-nls --enable-bootstrap --enable-clocale=gnu --enable-libstdcxx-debug --enable-libstdcxx-time=yes --with-default-libstdcxx-abi=new --enable-gnu-unique-object --disable-vtable-verify --enable-libmpx --enable-plugin --enable-default-pie --with-system-zlib --with-target-system-zlib --enable-objc-gc=auto --enable-multiarch --disable-werror --with-arch-32=i686 --with-abi=m64 --with-multilib-list=m32,m64,mx32 --enable-multilib --with-tune=generic --enable-offload-targets=nvptx-none --without-cuda-driver --enable-checking=release --build=x86_64-linux-gnu --host=x86_64-linux-gnu --target=x86_64-linux-gnu
Thread model: posix
gcc version 7.5.0 (Ubuntu 7.5.0-3ubuntu1~18.04) 
configure:5606: $? = 0
configure:5595: gfortran -V >&5
gfortran: error: unrecognized command line option '-V'
gfortran: fatal error: no input files
compilation terminated.
configure:5606: $? = 1
configure:5595: gfortran -qversion >&5
gfortran: error: unrecognized command line option '-qversion'; did you mean '--version'?
gfortran: fatal error: no input files
compilation terminated.
configure:5606: $? = 1
configure:5615: checking whether we are using the GNU Fortran 77 compiler
configure:5628: gfortran -c -O2  conftest.F >&5
configure:5628: $? = 0
configure:5637: result: yes
configure:5643: checking whether gfortran accepts -g
configure:5654: gfortran -c -g conftest.f >&5
configure:5654: $? = 0
configure:5662: result: yes
configure:5721: checking how to get verbose linking output from gfortran
configure:5731: gfortran -c -O2  conftest.f >&5
configure:5731: $? = 0
configure:5749: gfortran -o conftest -O2 -v conftest.f
Using built-in specs.
Target: x86_64-linux-gnu
Thread model: posix
gcc version 7.5.0 (Ubuntu 7.5.0-3ubuntu1~18.04) 
 /usr/lib/gcc/x86_64-linux-gnu/7/f951 conftest.f -ffixed-form -quiet -dumpbase conftest.f -mtune=generic -march=x86-64 -auxbase conftest -O2 -version -fintrinsic-modules-path /usr/lib/gcc/x86_64-linux-gnu/7/finclude -o /tmp/ccTHafX2.s
GNU Fortran (Ubuntu 7.5.0-3ubuntu1~18.04) version 7.5.0 (x86_64-linux-gnu)
	compiled by GNU C version 7.5.0, GMP version 6.1.2, MPFR version 4.0.1, MPC version 1.1.0, isl version isl-0.19-GMP

GGC heuristics: --param ggc-min-expand=100 --param ggc-min-heapsize=131072
GNU Fortran2008 (Ubuntu 7.5.0-3ubuntu1~18.04) version 7.5.0 (x86_64-linux-gnu)
	compiled by GNU C version 7.5.0, GMP version 6.1.2, MPFR version 4.0.1, MPC version 1.1.0, isl version isl-0.19-GMP

GGC heuristics: --param ggc-min-expand=100 --param ggc-min-heapsize=131072
 as -v --64 -o /tmp/ccFOEFuk.o /tmp/ccTHafX2.s
GNU assembler version 2.30 (x86_64-linux-gnu) using BFD version (GNU Binutils for Ubuntu) 2.30
Reading specs from /usr/lib/gcc/x86_64-linux-gnu/7/libgfortran.spec
rename spec lib to liborig
 /usr/lib/gcc/x86_64-linux-gnu/7/collect2 -plugin /usr/lib/gcc/x86_64-linux-gnu/7/liblto_plugin.so -plugin-opt=/usr/lib/gcc/x86_64-linux-gnu/7/lto-wrapper -plugin-opt=-fresolution=/tmp/ccDjch3B.res -plugin-opt=-pass-through=-lgcc_s -plugin-opt=-pass-through=-lgcc -plugin-opt=-pass-through=-lquadmath -plugin-opt=-pass-through=-lm -plugin-opt=-pass-through=-lgcc_s -plugin-opt=-pass-through=-lgcc -plugin-opt=-pass-through=-lc -plugin-opt=-pass-through=-lgcc_s -plugin-opt=-pass-through=-lgcc --build-id --eh-frame-hdr -m elf_x86_64 --hash-style=gnu --as-needed -dynamic-linker /lib64/ld-linux-x86-64.so.2 -pie -z now -z relro -o conftest /usr/lib/gcc/x86_64-linux-gnu/7/../../../x86_64-linux-gnu/Scrt1.o /usr/lib/gcc/x86_64-linux-gnu/7/../../../x86_64-linux-gnu/crti.o /usr/lib/gcc/x86_64-linux-gnu/7/crtbeginS.o -L/usr/lib/gcc/x86_64-linux-gnu/7 -L/usr/lib/gcc/x86_64-linux-gnu/7/../../../x86_64-linux-gnu -L/usr/lib/gcc/x86_64-linux-gnu/7/../../../../lib -L/lib/x86_64-linux-gnu -L/lib/../lib -L/usr/lib/x86_64-linux-gnu -L/usr/lib/../lib -L/usr/lib/gcc/x86_64-linux-gnu/7/../../.. /tmp/ccFOEFuk.o -lgfortran -lm -lgcc_s -lgcc -lquadmath -lm -lgcc_s -lgcc -lc -lgcc_s -lgcc /usr/lib/gcc/x86_64-linux-gnu/7/crtendS.o /usr/lib/gcc/x86_64-linux-gnu/7/../../../x86_64-linux-gnu/crtn.o
configure:5832: result: -v
configure:5834: checking for Fortran 77 libraries of gfortran
configure:5857: gfortran -o conftest -O2 -v conftest.f
Using built-in specs.
Target: x86_64-linux-gnu
Thread model: posix
gcc version 7.5.0 (Ubuntu 7.5.0-3ubuntu1~18.04) 
 /usr/lib/gcc/x86_64-linux-gnu/7/f951 conftest.f -ffixed-form -quiet -dumpbase conftest.f -mtune=generic -march=x86-64 -auxbase conftest -O2 -version -fintrinsic-modules-path /usr/lib/gcc/x86_64-linux-gnu/7/finclude -o /tmp/ccmPECj7.s
GNU Fortran (Ubuntu 7.5.0-3ubuntu1~18.04) version 7.5.0 (x86_64-linux-gnu)
	compiled by GNU C version 7.5.0, GMP version 6.1.2, MPFR version 4.0.1, MPC version 1.1.0, isl version isl-0.19-GMP

GGC heuristics: --param ggc-min-expand=100 --param ggc-min-heapsize=131072
GNU Fortran2008 (Ubuntu 7.5.0-3ubuntu1~18.04) version 7.5.0 (x86_64-linux-gnu)
	compiled by GNU C version 7.5.0, GMP version 6.1.2, MPFR version 4.0.1, MPC version 1.1.0, isl version isl-0.19-GMP

GGC heuristics: --param ggc-min-expand=100 --param ggc-min-heapsize=131072
 as -v --64 -o /tmp/ccDGrS4o.o /tmp/ccmPECj7.s
GNU assembler version 2.30 (x86_64-linux-gnu) using BFD version (GNU Binutils for Ubuntu) 2.30
Reading specs from /usr/lib/gcc/x86_64-linux-gnu/7/libgfortran.spec
rename spec lib to liborig
 /usr/lib/gcc/x86_64-linux-gnu/7/collect2 -plugin /usr/lib/gcc/x86_64-linux-gnu/7/liblto_plugin.so -plugin-opt=/usr/lib/gcc/x86_64-linux-gnu/7/lto-wrapper -plugin-opt=-fresolution=/tmp/ccQVk3QG.res -plugin-opt=-pass-through=-lgcc_s -plugin-opt=-pass-through=-lgcc -plugin-opt=-pass-through=-lquadmath -plugin-opt=-pass-through=-lm -plugin-opt=-pass-through=-lgcc_s -plugin-opt=-pass-through=-lgcc -plugin-opt=-pass-through=-lc -plugin-opt=-pass-through=-lgcc_s -plugin-opt=-pass-through=-lgcc --build-id --eh-frame-hdr -m elf_x86_64 --hash-style=gnu --as-needed -dynamic-linker /lib64/ld-linux-x86-64.so.2 -pie -z now -z relro -o conftest /usr/lib/gcc/x86_64-linux-gnu/7/../../../x86_64-linux-gnu/Scrt1.o /usr/lib/gcc/x86_64-linux-gnu/7/../../../x86_64-linux-gnu/crti.o /usr/lib/gcc/x86_64-linux-gnu/7/crtbeginS.o -L/usr/lib/gcc/x86_64-linux-gnu/7 -L/usr/lib/gcc/x86_64-linux-gnu/7/../../../x86_64-linux-gnu -L/usr/lib/gcc/x86_64-linux-gnu/7/../../../../lib -L/lib/x86_64-linux-gnu -L/lib/../lib -L/usr/lib/x86_64-linux-gnu -L/usr/lib/../lib -L/usr/lib/gcc/x86_64-linux-gnu/7/../../.. /tmp/ccDGrS4o.o -lgfortran -lm -lgcc_s -lgcc -lquadmath -lm -lgcc_s -lgcc -lc -lgcc_s -lgcc /usr/lib/gcc/x86_64-linux-gnu/7/crtendS.o /usr/lib/gcc/x86_64-linux-gnu/7/../../../x86_64-linux-gnu/crtn.o
configure:6053: result:  -L/usr/lib/gcc/x86_64-linux-gnu/7 -L/usr/lib/gcc/x86_64-linux-gnu/7/../../../x86_64-linux-gnu -L/usr/lib/gcc/x86_64-linux-gnu/7/../../../../lib -L/lib/x86_64-linux-gnu -L/lib/../lib -L/usr/lib/x86_64-linux-gnu -L/usr/lib/../lib -L/usr/lib/gcc/x86_64-linux-gnu/7/../../.. -lgfortran -lm -lquadmath
configure:6070: checking for dummy main to link with Fortran 77 libraries
configure:6104: gcc -o conftest -O2 -DNDEBUG    conftest.c   -L/usr/lib/gcc/x86_64-linux-gnu/7 -L/usr/lib/gcc/x86_64-linux-gnu/7/../../../x86_64-linux-gnu -L/usr/lib/gcc/x86_64-linux-gnu/7/../../../../lib -L/lib/x86_64-linux-gnu -L/lib/../lib -L/usr/lib/x86_64-linux-gnu -L/usr/lib/../lib -L/usr/lib/gcc/x86_64-linux-gnu/7/../../.. -lgfortran -lm -lquadmath >&5
configure:6104: $? = 0
configure:6149: result: none
configure:6182: checking for Fortran 77 name-mangling scheme
configure:6195: gfortran -c -O2  conftest.f >&5
configure:6195: $? = 0
configure:6236: gcc -o conftest -O2 -DNDEBUG    conftest.c cfortran_test.o   -L/usr/lib/gcc/x86_64-linux-gnu/7 -L/usr/lib/gcc/x86_64-linux-gnu/7/../../../x86_64-linux-gnu -L/usr/lib/gcc/x86_64-linux-gnu/7/../../../../lib -L/lib/x86_64-linux-gnu -L/lib/../lib -L/usr/lib/x86_64-linux-gnu -L/usr/lib/../lib -L/usr/lib/gcc/x86_64-linux-gnu/7/../../.. -lgfortran -lm -lquadmath >&5
/tmp/cc3rScuz.o: In function `main':
conftest.c:(.text.startup+0x7): undefined reference to `foobar'
collect2: error: ld returned 1 exit status
configure:6236: $? = 1
configure: failed program was:
| /* confdefs.h */
| #define PACKAGE_NAME "Ipopt"
| #define PACKAGE_TARNAME "ipopt"
| #define PACKAGE_VERSION "3.13.2"
| #define PACKAGE_STRING "Ipopt 3.13.2"
| #define PACKAGE_BUGREPORT "https://github.com/coin-or/Ipopt/issues/new"
| #define PACKAGE_URL "https://github.com/coin-or/Ipopt"
| #define IPOPT_VERSION "3.13.2"
| #define IPOPT_VERSION_MAJOR 3
| #define IPOPT_VERSION_MINOR 13
| #define IPOPT_VERSION_RELEASE 2
| /* end confdefs.h.  */
| 
| /* Override any GCC internal prototype to avoid an error.
|    Use char because int might match the return type of a GCC
|    builtin and then its argument prototype would still apply.  */
| #ifdef __cplusplus
| extern "C"
| #endif
| char foobar ();
| #ifdef F77_DUMMY_MAIN
| 
| #  ifdef __cplusplus
|      extern "C"
| #  endif
|    int F77_DUMMY_MAIN() { return 1; }
| 
| #endif
| int
| main ()
| {
| return foobar ();
|   ;
|   return 0;
| }
configure:6236: gcc -o conftest -O2 -DNDEBUG    conftest.c cfortran_test.o   -L/usr/lib/gcc/x86_64-linux-gnu/7 -L/usr/lib/gcc/x86_64-linux-gnu/7/../../../x86_64-linux-gnu -L/usr/lib/gcc/x86_64-linux-gnu/7/../../../../lib -L/lib/x86_64-linux-gnu -L/lib/../lib -L/usr/lib/x86_64-linux-gnu -L/usr/lib/../lib -L/usr/lib/gcc/x86_64-linux-gnu/7/../../.. -lgfortran -lm -lquadmath >&5
configure:6236: $? = 0
configure:6294: gcc -o conftest -O2 -DNDEBUG    conftest.c cfortran_test.o   -L/usr/lib/gcc/x86_64-linux-gnu/7 -L/usr/lib/gcc/x86_64-linux-gnu/7/../../../x86_64-linux-gnu -L/usr/lib/gcc/x86_64-linux-gnu/7/../../../../lib -L/lib/x86_64-linux-gnu -L/lib/../lib -L/usr/lib/x86_64-linux-gnu -L/usr/lib/../lib -L/usr/lib/gcc/x86_64-linux-gnu/7/../../.. -lgfortran -lm -lquadmath >&5
configure:6294: $? = 0
configure:6336: result: lower case, underscore, no extra underscore
configure:6413: checking whether gfortran understands -c and -o together
configure:6431: gfortran -O2  -c conftest.f -o conftest2.o >&5
configure:6435: $? = 0
configure:6442: gfortran -O2  -c conftest.f -o conftest2.o >&5
configure:6446: $? = 0
configure:6454: result: yes
configure:6531: checking how to print strings
configure:6558: result: printf
configure:6579: checking for a sed that does not truncate output
configure:6643: result: /bin/sed
configure:6661: checking for grep that handles long lines and -e
configure:6719: result: /bin/grep
configure:6724: checking for egrep
configure:6786: result: /bin/grep -E
configure:6791: checking for fgrep
configure:6853: result: /bin/grep -F
configure:6888: checking for ld used by gcc
configure:6955: result: /usr/bin/ld
configure:6962: checking if the linker (/usr/bin/ld) is GNU ld
configure:6977: result: yes
configure:6989: checking for BSD- or MS-compatible name lister (nm)
configure:7043: result: /usr/bin/nm -B
configure:7173: checking the name lister (/usr/bin/nm -B) interface
configure:7180: gcc -c -O2 -DNDEBUG   conftest.c >&5
configure:7183: /usr/bin/nm -B "conftest.o"
configure:7186: output
0000000000000000 B some_variable
configure:7193: result: BSD nm
configure:7196: checking whether ln -s works
configure:7200: result: yes
configure:7208: checking the maximum length of command line arguments
configure:7339: result: 1572864
configure:7387: checking how to convert x86_64-pc-linux-gnu file names to x86_64-pc-linux-gnu format
configure:7427: result: func_convert_file_noop
configure:7434: checking how to convert x86_64-pc-linux-gnu file names to toolchain format
configure:7454: result: func_convert_file_noop
configure:7461: checking for /usr/bin/ld option to reload object files
configure:7468: result: -r
configure:7542: checking for objdump
configure:7558: found /usr/bin/objdump
configure:7569: result: objdump
configure:7598: checking how to recognize dependent libraries
configure:7798: result: pass_all
configure:7883: checking for dlltool
configure:7913: result: no
configure:7940: checking how to associate runtime and link libraries
configure:7967: result: printf %s\n
configure:8027: checking for ar
configure:8043: found /usr/bin/ar
configure:8054: result: ar
configure:8091: checking for archiver @FILE support
configure:8116: gcc -c -O2 -DNDEBUG   conftest.c >&5
configure:8116: $? = 0
configure:8119: ar cru libconftest.a @conftest.lst >&5
ar: `u' modifier ignored since `D' is the default (see `U')
configure:8122: $? = 0
configure:8127: ar cru libconftest.a @conftest.lst >&5
ar: `u' modifier ignored since `D' is the default (see `U')
ar: conftest.o: No such file or directory
configure:8130: $? = 1
configure:8142: result: @
configure:8200: checking for strip
configure:8216: found /usr/bin/strip
configure:8227: result: strip
configure:8299: checking for ranlib
configure:8315: found /usr/bin/ranlib
configure:8326: result: ranlib
configure:8428: checking command to parse /usr/bin/nm -B output from gcc object
configure:8581: gcc -c -O2 -DNDEBUG   conftest.c >&5
configure:8584: $? = 0
configure:8588: /usr/bin/nm -B conftest.o \| sed -n -e 's/^.*[ ]\([ABCDGIRSTW][ABCDGIRSTW]*\)[ ][ ]*\([_A-Za-z][_A-Za-z0-9]*\)$/\1 \2 \2/p' | sed '/ __gnu_lto/d' \> conftest.nm
configure:8591: $? = 0
configure:8657: gcc -o conftest -O2 -DNDEBUG    conftest.c conftstm.o >&5
configure:8660: $? = 0
configure:8698: result: ok
configure:8745: checking for sysroot
configure:8775: result: no
configure:8782: checking for a working dd
configure:8820: result: /bin/dd
configure:8824: checking how to truncate binary pipes
configure:8839: result: /bin/dd bs=4096 count=1
configure:8975: gcc -c -O2 -DNDEBUG   conftest.c >&5
configure:8978: $? = 0
configure:9176: checking for mt
configure:9192: found /bin/mt
configure:9203: result: mt
configure:9226: checking if mt is a manifest tool
configure:9232: mt '-?'
configure:9240: result: no
configure:9925: checking how to run the C preprocessor
configure:9956: gcc -E  conftest.c
configure:9956: $? = 0
configure:9970: gcc -E  conftest.c
conftest.c:15:10: fatal error: ac_nonexistent.h: No such file or directory
 #include <ac_nonexistent.h>
          ^~~~~~~~~~~~~~~~~~
compilation terminated.
configure:9970: $? = 1
configure: failed program was:
| /* confdefs.h */
| #define PACKAGE_NAME "Ipopt"
| #define PACKAGE_TARNAME "ipopt"
| #define PACKAGE_VERSION "3.13.2"
| #define PACKAGE_STRING "Ipopt 3.13.2"
| #define PACKAGE_BUGREPORT "https://github.com/coin-or/Ipopt/issues/new"
| #define PACKAGE_URL "https://github.com/coin-or/Ipopt"
| #define IPOPT_VERSION "3.13.2"
| #define IPOPT_VERSION_MAJOR 3
| #define IPOPT_VERSION_MINOR 13
| #define IPOPT_VERSION_RELEASE 2
| #define F77_FUNC(name,NAME) name ## _
| #define F77_FUNC_(name,NAME) name ## _
| /* end confdefs.h.  */
| #include <ac_nonexistent.h>
configure:9995: result: gcc -E
configure:10015: gcc -E  conftest.c
configure:10015: $? = 0
configure:10029: gcc -E  conftest.c
conftest.c:15:10: fatal error: ac_nonexistent.h: No such file or directory
 #include <ac_nonexistent.h>
          ^~~~~~~~~~~~~~~~~~
compilation terminated.
configure:10029: $? = 1
configure: failed program was:
| /* confdefs.h */
| #define PACKAGE_NAME "Ipopt"
| #define PACKAGE_TARNAME "ipopt"
| #define PACKAGE_VERSION "3.13.2"
| #define PACKAGE_STRING "Ipopt 3.13.2"
| #define PACKAGE_BUGREPORT "https://github.com/coin-or/Ipopt/issues/new"
| #define PACKAGE_URL "https://github.com/coin-or/Ipopt"
| #define IPOPT_VERSION "3.13.2"
| #define IPOPT_VERSION_MAJOR 3
| #define IPOPT_VERSION_MINOR 13
| #define IPOPT_VERSION_RELEASE 2
| #define F77_FUNC(name,NAME) name ## _
| #define F77_FUNC_(name,NAME) name ## _
| /* end confdefs.h.  */
| #include <ac_nonexistent.h>
configure:10058: checking for ANSI C header files
configure:10086: gcc -c -O2 -DNDEBUG   conftest.c >&5
configure:10086: $? = 0
configure:10159: gcc -o conftest -O2 -DNDEBUG    conftest.c  >&5
configure:10159: $? = 0
configure:10159: ./conftest
configure:10159: $? = 0
configure:10170: result: yes
configure:10183: checking for sys/types.h
configure:10183: gcc -c -O2 -DNDEBUG   conftest.c >&5
configure:10183: $? = 0
configure:10183: result: yes
configure:10183: checking for sys/stat.h
configure:10183: gcc -c -O2 -DNDEBUG   conftest.c >&5
configure:10183: $? = 0
configure:10183: result: yes
configure:10183: checking for stdlib.h
configure:10183: gcc -c -O2 -DNDEBUG   conftest.c >&5
configure:10183: $? = 0
configure:10183: result: yes
configure:10183: checking for string.h
configure:10183: gcc -c -O2 -DNDEBUG   conftest.c >&5
configure:10183: $? = 0
configure:10183: result: yes
configure:10183: checking for memory.h
configure:10183: gcc -c -O2 -DNDEBUG   conftest.c >&5
configure:10183: $? = 0
configure:10183: result: yes
configure:10183: checking for strings.h
configure:10183: gcc -c -O2 -DNDEBUG   conftest.c >&5
configure:10183: $? = 0
configure:10183: result: yes
configure:10183: checking for inttypes.h
configure:10183: gcc -c -O2 -DNDEBUG   conftest.c >&5
configure:10183: $? = 0
configure:10183: result: yes
configure:10183: checking for stdint.h
configure:10183: gcc -c -O2 -DNDEBUG   conftest.c >&5
configure:10183: $? = 0
configure:10183: result: yes
configure:10183: checking for unistd.h
configure:10183: gcc -c -O2 -DNDEBUG   conftest.c >&5
configure:10183: $? = 0
configure:10183: result: yes
configure:10197: checking for dlfcn.h
configure:10197: gcc -c -O2 -DNDEBUG   conftest.c >&5
configure:10197: $? = 0
configure:10197: result: yes
configure:10323: checking the archiver (ar) interface
configure:10339: gcc -c -O2 -DNDEBUG   conftest.c >&5
configure:10339: $? = 0
configure:10341: ar cru libconftest.a conftest.o >&5
ar: `u' modifier ignored since `D' is the default (see `U')
configure:10344: $? = 0
configure:10372: result: ar
configure:10935: checking for objdir
configure:10950: result: .libs
configure:11210: checking if gcc supports -fno-rtti -fno-exceptions
configure:11228: gcc -c -O2 -DNDEBUG   -fno-rtti -fno-exceptions conftest.c >&5
cc1: warning: command line option '-fno-rtti' is valid for C++/ObjC++ but not for C
configure:11232: $? = 0
configure:11245: result: no
configure:11603: checking for gcc option to produce PIC
configure:11610: result: -fPIC -DPIC
configure:11618: checking if gcc PIC flag -fPIC -DPIC works
configure:11636: gcc -c -O2 -DNDEBUG   -fPIC -DPIC -DPIC conftest.c >&5
configure:11640: $? = 0
configure:11653: result: yes
configure:11682: checking if gcc static flag -static works
configure:11710: result: yes
configure:11725: checking if gcc supports -c -o file.o
configure:11746: gcc -c -O2 -DNDEBUG   -o out/conftest2.o conftest.c >&5
configure:11750: $? = 0
configure:11772: result: yes
configure:11780: checking if gcc supports -c -o file.o
configure:11827: result: yes
configure:11860: checking whether the gcc linker (/usr/bin/ld -m elf_x86_64) supports shared libraries
configure:13135: result: yes
configure:13375: checking dynamic linker characteristics
configure:13964: gcc -o conftest -O2 -DNDEBUG    -Wl,-rpath -Wl,/foo conftest.c  >&5
configure:13964: $? = 0
configure:14201: result: GNU/Linux ld.so
configure:14323: checking how to hardcode library paths into programs
configure:14348: result: immediate
configure:14936: checking whether stripping libraries is possible
configure:14941: result: yes
configure:14976: checking if libtool supports shared libraries
configure:14978: result: yes
configure:14981: checking whether to build shared libraries
configure:15006: result: no
configure:15009: checking whether to build static libraries
configure:15013: result: yes
configure:15036: checking how to run the C++ preprocessor
configure:15063: g++ -E  conftest.cpp
configure:15063: $? = 0
configure:15077: g++ -E  conftest.cpp
conftest.cpp:27:10: fatal error: ac_nonexistent.h: No such file or directory
 #include <ac_nonexistent.h>
          ^~~~~~~~~~~~~~~~~~
compilation terminated.
configure:15077: $? = 1
configure: failed program was:
| /* confdefs.h */
| #define PACKAGE_NAME "Ipopt"
| #define PACKAGE_TARNAME "ipopt"
| #define PACKAGE_VERSION "3.13.2"
| #define PACKAGE_STRING "Ipopt 3.13.2"
| #define PACKAGE_BUGREPORT "https://github.com/coin-or/Ipopt/issues/new"
| #define PACKAGE_URL "https://github.com/coin-or/Ipopt"
| #define IPOPT_VERSION "3.13.2"
| #define IPOPT_VERSION_MAJOR 3
| #define IPOPT_VERSION_MINOR 13
| #define IPOPT_VERSION_RELEASE 2
| #define F77_FUNC(name,NAME) name ## _
| #define F77_FUNC_(name,NAME) name ## _
| #define STDC_HEADERS 1
| #define HAVE_SYS_TYPES_H 1
| #define HAVE_SYS_STAT_H 1
| #define HAVE_STDLIB_H 1
| #define HAVE_STRING_H 1
| #define HAVE_MEMORY_H 1
| #define HAVE_STRINGS_H 1
| #define HAVE_INTTYPES_H 1
| #define HAVE_STDINT_H 1
| #define HAVE_UNISTD_H 1
| #define HAVE_DLFCN_H 1
| #define LT_OBJDIR ".libs/"
| /* end confdefs.h.  */
| #include <ac_nonexistent.h>
configure:15102: result: g++ -E
configure:15122: g++ -E  conftest.cpp
configure:15122: $? = 0
configure:15136: g++ -E  conftest.cpp
conftest.cpp:27:10: fatal error: ac_nonexistent.h: No such file or directory
 #include <ac_nonexistent.h>
          ^~~~~~~~~~~~~~~~~~
compilation terminated.
configure:15136: $? = 1
configure: failed program was:
| /* confdefs.h */
| #define PACKAGE_NAME "Ipopt"
| #define PACKAGE_TARNAME "ipopt"
| #define PACKAGE_VERSION "3.13.2"
| #define PACKAGE_STRING "Ipopt 3.13.2"
| #define PACKAGE_BUGREPORT "https://github.com/coin-or/Ipopt/issues/new"
| #define PACKAGE_URL "https://github.com/coin-or/Ipopt"
| #define IPOPT_VERSION "3.13.2"
| #define IPOPT_VERSION_MAJOR 3
| #define IPOPT_VERSION_MINOR 13
| #define IPOPT_VERSION_RELEASE 2
| #define F77_FUNC(name,NAME) name ## _
| #define F77_FUNC_(name,NAME) name ## _
| #define STDC_HEADERS 1
| #define HAVE_SYS_TYPES_H 1
| #define HAVE_SYS_STAT_H 1
| #define HAVE_STDLIB_H 1
| #define HAVE_STRING_H 1
| #define HAVE_MEMORY_H 1
| #define HAVE_STRINGS_H 1
| #define HAVE_INTTYPES_H 1
| #define HAVE_STDINT_H 1
| #define HAVE_UNISTD_H 1
| #define HAVE_DLFCN_H 1
| #define LT_OBJDIR ".libs/"
| /* end confdefs.h.  */
| #include <ac_nonexistent.h>
configure:15298: checking for ld used by g++
configure:15365: result: /usr/bin/ld -m elf_x86_64
configure:15372: checking if the linker (/usr/bin/ld -m elf_x86_64) is GNU ld
configure:15387: result: yes
configure:15442: checking whether the g++ linker (/usr/bin/ld -m elf_x86_64) supports shared libraries
configure:16531: result: yes
configure:16567: g++ -c -O2 -DNDEBUG   conftest.cpp >&5
configure:16570: $? = 0
configure:17051: checking for g++ option to produce PIC
configure:17058: result: -fPIC -DPIC
configure:17066: checking if g++ PIC flag -fPIC -DPIC works
configure:17084: g++ -c -O2 -DNDEBUG   -fPIC -DPIC -DPIC conftest.cpp >&5
configure:17088: $? = 0
configure:17101: result: yes
configure:17124: checking if g++ static flag -static works
configure:17152: result: yes
configure:17164: checking if g++ supports -c -o file.o
configure:17185: g++ -c -O2 -DNDEBUG   -o out/conftest2.o conftest.cpp >&5
configure:17189: $? = 0
configure:17211: result: yes
configure:17216: checking if g++ supports -c -o file.o
configure:17263: result: yes
configure:17293: checking whether the g++ linker (/usr/bin/ld -m elf_x86_64) supports shared libraries
configure:17333: result: yes
configure:17474: checking dynamic linker characteristics
configure:18227: result: GNU/Linux ld.so
configure:18292: checking how to hardcode library paths into programs
configure:18317: result: immediate
configure:18458: checking if libtool supports shared libraries
configure:18460: result: yes
configure:18463: checking whether to build shared libraries
configure:18487: result: no
configure:18490: checking whether to build static libraries
configure:18494: result: yes
configure:18846: checking for gfortran option to produce PIC
configure:18853: result: -fPIC
configure:18861: checking if gfortran PIC flag -fPIC works
configure:18879: gfortran -c -O2  -fPIC conftest.f >&5
configure:18883: $? = 0
configure:18896: result: yes
configure:18919: checking if gfortran static flag -static works
configure:18947: result: yes
configure:18959: checking if gfortran supports -c -o file.o
configure:18980: gfortran -c -O2  -o out/conftest2.o conftest.f >&5
configure:18984: $? = 0
configure:19006: result: yes
configure:19011: checking if gfortran supports -c -o file.o
configure:19058: result: yes
configure:19088: checking whether the gfortran linker (/usr/bin/ld -m elf_x86_64) supports shared libraries
configure:20297: result: yes
configure:20438: checking dynamic linker characteristics
configure:21177: result: GNU/Linux ld.so
configure:21242: checking how to hardcode library paths into programs
configure:21267: result: immediate
configure:21366: libtool version info: -version-number 3:13:2
configure:21470: g++ -c -O2 -DNDEBUG   conftest.cpp >&5
conftest.cpp: In function 'int main()':
conftest.cpp:41:8: error: 'choke' was not declared in this scope
        choke me
        ^~~~~
configure:21470: $? = 1
configure: failed program was:
| /* confdefs.h */
| #define PACKAGE_NAME "Ipopt"
| #define PACKAGE_TARNAME "ipopt"
| #define PACKAGE_VERSION "3.13.2"
| #define PACKAGE_STRING "Ipopt 3.13.2"
| #define PACKAGE_BUGREPORT "https://github.com/coin-or/Ipopt/issues/new"
| #define PACKAGE_URL "https://github.com/coin-or/Ipopt"
| #define IPOPT_VERSION "3.13.2"
| #define IPOPT_VERSION_MAJOR 3
| #define IPOPT_VERSION_MINOR 13
| #define IPOPT_VERSION_RELEASE 2
| #define F77_FUNC(name,NAME) name ## _
| #define F77_FUNC_(name,NAME) name ## _
| #define STDC_HEADERS 1
| #define HAVE_SYS_TYPES_H 1
| #define HAVE_SYS_STAT_H 1
| #define HAVE_STDLIB_H 1
| #define HAVE_STRING_H 1
| #define HAVE_MEMORY_H 1
| #define HAVE_STRINGS_H 1
| #define HAVE_INTTYPES_H 1
| #define HAVE_STDINT_H 1
| #define HAVE_UNISTD_H 1
| #define HAVE_DLFCN_H 1
| #define LT_OBJDIR ".libs/"
| /* end confdefs.h.  */
| #include <ciso646>
| #ifdef F77_DUMMY_MAIN
| 
| #  ifdef __cplusplus
|      extern "C"
| #  endif
|    int F77_DUMMY_MAIN() { return 1; }
| 
| #endif
| int
| main ()
| {
| 
| #ifndef _LIBCPP_VERSION
|        choke me
| #endif
| 
|   ;
|   return 0;
| }
configure:21507: Assuming that CXXLIBS is "-lstdc++ -lm".
configure:21524: configuring doxygen documentation options
configure:21531: checking for doxygen
configure:21559: result: no
configure:21569: checking for latex
configure:21597: result: no
configure:21626: checking for dot
configure:21654: result: NO
configure:21749: checking for library containing cos
configure:21788: gcc -o conftest -O2 -DNDEBUG    conftest.c  >&5
conftest.c:36:6: warning: conflicting types for built-in function 'cos' [-Wbuiltin-declaration-mismatch]
 char cos ();
      ^~~
/tmp/ccn0IWSv.o: In function `main':
conftest.c:(.text.startup+0x7): undefined reference to `cos'
collect2: error: ld returned 1 exit status
configure:21788: $? = 1
configure: failed program was:
| /* confdefs.h */
| #define PACKAGE_NAME "Ipopt"
| #define PACKAGE_TARNAME "ipopt"
| #define PACKAGE_VERSION "3.13.2"
| #define PACKAGE_STRING "Ipopt 3.13.2"
| #define PACKAGE_BUGREPORT "https://github.com/coin-or/Ipopt/issues/new"
| #define PACKAGE_URL "https://github.com/coin-or/Ipopt"
| #define IPOPT_VERSION "3.13.2"
| #define IPOPT_VERSION_MAJOR 3
| #define IPOPT_VERSION_MINOR 13
| #define IPOPT_VERSION_RELEASE 2
| #define F77_FUNC(name,NAME) name ## _
| #define F77_FUNC_(name,NAME) name ## _
| #define STDC_HEADERS 1
| #define HAVE_SYS_TYPES_H 1
| #define HAVE_SYS_STAT_H 1
| #define HAVE_STDLIB_H 1
| #define HAVE_STRING_H 1
| #define HAVE_MEMORY_H 1
| #define HAVE_STRINGS_H 1
| #define HAVE_INTTYPES_H 1
| #define HAVE_STDINT_H 1
| #define HAVE_UNISTD_H 1
| #define HAVE_DLFCN_H 1
| #define LT_OBJDIR ".libs/"
| #define IPOPT_VERBOSITY 0
| #define IPOPT_CHECKLEVEL 0
| /* end confdefs.h.  */
| 
| /* Override any GCC internal prototype to avoid an error.
|    Use char because int might match the return type of a GCC
|    builtin and then its argument prototype would still apply.  */
| #ifdef __cplusplus
| extern "C"
| #endif
| char cos ();
| #ifdef F77_DUMMY_MAIN
| 
| #  ifdef __cplusplus
|      extern "C"
| #  endif
|    int F77_DUMMY_MAIN() { return 1; }
| 
| #endif
| int
| main ()
| {
| return cos ();
|   ;
|   return 0;
| }
configure:21788: gcc -o conftest -O2 -DNDEBUG    conftest.c -lm   >&5
conftest.c:36:6: warning: conflicting types for built-in function 'cos' [-Wbuiltin-declaration-mismatch]
 char cos ();
      ^~~
configure:21788: $? = 0
configure:21805: result: -lm
configure:21880: checking for pkgconf
configure:21910: result: no
configure:21880: checking for pkg-config
configure:21896: found /usr/bin/pkg-config
configure:21907: result: pkg-config
configure:21934: checking pkg-config is at least version 0.16.0
configure:21938: result: yes: 0.29.1
configure:21982: pkg-config path is "/usr/local/lib/pkgconfig:"
configure:22296: checking for function dsyev_ in -lmkl_core -lmkl_intel_lp64 -lmkl_sequential -lm 
configure:22324: gcc -o conftest -O2 -DNDEBUG    conftest.c -lmkl_core -lmkl_intel_lp64 -lmkl_sequential -lm  >&5
/usr/bin/ld: cannot find -lmkl_core
/usr/bin/ld: cannot find -lmkl_intel_lp64
/usr/bin/ld: cannot find -lmkl_sequential
collect2: error: ld returned 1 exit status
configure:22324: $? = 1
configure: failed program was:
| /* confdefs.h */
| #define PACKAGE_NAME "Ipopt"
| #define PACKAGE_TARNAME "ipopt"
| #define PACKAGE_VERSION "3.13.2"
| #define PACKAGE_STRING "Ipopt 3.13.2"
| #define PACKAGE_BUGREPORT "https://github.com/coin-or/Ipopt/issues/new"
| #define PACKAGE_URL "https://github.com/coin-or/Ipopt"
| #define IPOPT_VERSION "3.13.2"
| #define IPOPT_VERSION_MAJOR 3
| #define IPOPT_VERSION_MINOR 13
| #define IPOPT_VERSION_RELEASE 2
| #define F77_FUNC(name,NAME) name ## _
| #define F77_FUNC_(name,NAME) name ## _
| #define STDC_HEADERS 1
| #define HAVE_SYS_TYPES_H 1
| #define HAVE_SYS_STAT_H 1
| #define HAVE_STDLIB_H 1
| #define HAVE_STRING_H 1
| #define HAVE_MEMORY_H 1
| #define HAVE_STRINGS_H 1
| #define HAVE_INTTYPES_H 1
| #define HAVE_STDINT_H 1
| #define HAVE_UNISTD_H 1
| #define HAVE_DLFCN_H 1
| #define LT_OBJDIR ".libs/"
| #define IPOPT_VERBOSITY 0
| #define IPOPT_CHECKLEVEL 0
| /* end confdefs.h.  */
| 
| /* Override any GCC internal prototype to avoid an error.
|    Use char because int might match the return type of a GCC
|    builtin and then its argument prototype would still apply.  */
| #ifdef __cplusplus
| extern "C"
| #endif
| char dsyev_ ();
| #ifdef F77_DUMMY_MAIN
| 
| #  ifdef __cplusplus
|      extern "C"
| #  endif
|    int F77_DUMMY_MAIN() { return 1; }
| 
| #endif
| int
| main ()
| {
| return dsyev_ ();
|   ;
|   return 0;
| }
configure:22332: result: no
configure:22296: checking for function dsyev in -lmkl_core -lmkl_intel_lp64 -lmkl_sequential -lm 
configure:22324: gcc -o conftest -O2 -DNDEBUG    conftest.c -lmkl_core -lmkl_intel_lp64 -lmkl_sequential -lm  >&5
/usr/bin/ld: cannot find -lmkl_core
/usr/bin/ld: cannot find -lmkl_intel_lp64
/usr/bin/ld: cannot find -lmkl_sequential
collect2: error: ld returned 1 exit status
configure:22324: $? = 1
configure: failed program was:
| /* confdefs.h */
| #define PACKAGE_NAME "Ipopt"
| #define PACKAGE_TARNAME "ipopt"
| #define PACKAGE_VERSION "3.13.2"
| #define PACKAGE_STRING "Ipopt 3.13.2"
| #define PACKAGE_BUGREPORT "https://github.com/coin-or/Ipopt/issues/new"
| #define PACKAGE_URL "https://github.com/coin-or/Ipopt"
| #define IPOPT_VERSION "3.13.2"
| #define IPOPT_VERSION_MAJOR 3
| #define IPOPT_VERSION_MINOR 13
| #define IPOPT_VERSION_RELEASE 2
| #define F77_FUNC(name,NAME) name ## _
| #define F77_FUNC_(name,NAME) name ## _
| #define STDC_HEADERS 1
| #define HAVE_SYS_TYPES_H 1
| #define HAVE_SYS_STAT_H 1
| #define HAVE_STDLIB_H 1
| #define HAVE_STRING_H 1
| #define HAVE_MEMORY_H 1
| #define HAVE_STRINGS_H 1
| #define HAVE_INTTYPES_H 1
| #define HAVE_STDINT_H 1
| #define HAVE_UNISTD_H 1
| #define HAVE_DLFCN_H 1
| #define LT_OBJDIR ".libs/"
| #define IPOPT_VERBOSITY 0
| #define IPOPT_CHECKLEVEL 0
| /* end confdefs.h.  */
| 
| /* Override any GCC internal prototype to avoid an error.
|    Use char because int might match the return type of a GCC
|    builtin and then its argument prototype would still apply.  */
| #ifdef __cplusplus
| extern "C"
| #endif
| char dsyev ();
| #ifdef F77_DUMMY_MAIN
| 
| #  ifdef __cplusplus
|      extern "C"
| #  endif
|    int F77_DUMMY_MAIN() { return 1; }
| 
| #endif
| int
| main ()
| {
| return dsyev ();
|   ;
|   return 0;
| }
configure:22332: result: no
configure:22296: checking for function DSYEV_ in -lmkl_core -lmkl_intel_lp64 -lmkl_sequential -lm 
configure:22324: gcc -o conftest -O2 -DNDEBUG    conftest.c -lmkl_core -lmkl_intel_lp64 -lmkl_sequential -lm  >&5
/usr/bin/ld: cannot find -lmkl_core
/usr/bin/ld: cannot find -lmkl_intel_lp64
/usr/bin/ld: cannot find -lmkl_sequential
collect2: error: ld returned 1 exit status
configure:22324: $? = 1
configure: failed program was:
| /* confdefs.h */
| #define PACKAGE_NAME "Ipopt"
| #define PACKAGE_TARNAME "ipopt"
| #define PACKAGE_VERSION "3.13.2"
| #define PACKAGE_STRING "Ipopt 3.13.2"
| #define PACKAGE_BUGREPORT "https://github.com/coin-or/Ipopt/issues/new"
| #define PACKAGE_URL "https://github.com/coin-or/Ipopt"
| #define IPOPT_VERSION "3.13.2"
| #define IPOPT_VERSION_MAJOR 3
| #define IPOPT_VERSION_MINOR 13
| #define IPOPT_VERSION_RELEASE 2
| #define F77_FUNC(name,NAME) name ## _
| #define F77_FUNC_(name,NAME) name ## _
| #define STDC_HEADERS 1
| #define HAVE_SYS_TYPES_H 1
| #define HAVE_SYS_STAT_H 1
| #define HAVE_STDLIB_H 1
| #define HAVE_STRING_H 1
| #define HAVE_MEMORY_H 1
| #define HAVE_STRINGS_H 1
| #define HAVE_INTTYPES_H 1
| #define HAVE_STDINT_H 1
| #define HAVE_UNISTD_H 1
| #define HAVE_DLFCN_H 1
| #define LT_OBJDIR ".libs/"
| #define IPOPT_VERBOSITY 0
| #define IPOPT_CHECKLEVEL 0
| /* end confdefs.h.  */
| 
| /* Override any GCC internal prototype to avoid an error.
|    Use char because int might match the return type of a GCC
|    builtin and then its argument prototype would still apply.  */
| #ifdef __cplusplus
| extern "C"
| #endif
| char DSYEV_ ();
| #ifdef F77_DUMMY_MAIN
| 
| #  ifdef __cplusplus
|      extern "C"
| #  endif
|    int F77_DUMMY_MAIN() { return 1; }
| 
| #endif
| int
| main ()
| {
| return DSYEV_ ();
|   ;
|   return 0;
| }
configure:22332: result: no
configure:22296: checking for function DSYEV in -lmkl_core -lmkl_intel_lp64 -lmkl_sequential -lm 
configure:22324: gcc -o conftest -O2 -DNDEBUG    conftest.c -lmkl_core -lmkl_intel_lp64 -lmkl_sequential -lm  >&5
/usr/bin/ld: cannot find -lmkl_core
/usr/bin/ld: cannot find -lmkl_intel_lp64
/usr/bin/ld: cannot find -lmkl_sequential
collect2: error: ld returned 1 exit status
configure:22324: $? = 1
configure: failed program was:
| /* confdefs.h */
| #define PACKAGE_NAME "Ipopt"
| #define PACKAGE_TARNAME "ipopt"
| #define PACKAGE_VERSION "3.13.2"
| #define PACKAGE_STRING "Ipopt 3.13.2"
| #define PACKAGE_BUGREPORT "https://github.com/coin-or/Ipopt/issues/new"
| #define PACKAGE_URL "https://github.com/coin-or/Ipopt"
| #define IPOPT_VERSION "3.13.2"
| #define IPOPT_VERSION_MAJOR 3
| #define IPOPT_VERSION_MINOR 13
| #define IPOPT_VERSION_RELEASE 2
| #define F77_FUNC(name,NAME) name ## _
| #define F77_FUNC_(name,NAME) name ## _
| #define STDC_HEADERS 1
| #define HAVE_SYS_TYPES_H 1
| #define HAVE_SYS_STAT_H 1
| #define HAVE_STDLIB_H 1
| #define HAVE_STRING_H 1
| #define HAVE_MEMORY_H 1
| #define HAVE_STRINGS_H 1
| #define HAVE_INTTYPES_H 1
| #define HAVE_STDINT_H 1
| #define HAVE_UNISTD_H 1
| #define HAVE_DLFCN_H 1
| #define LT_OBJDIR ".libs/"
| #define IPOPT_VERBOSITY 0
| #define IPOPT_CHECKLEVEL 0
| /* end confdefs.h.  */
| 
| /* Override any GCC internal prototype to avoid an error.
|    Use char because int might match the return type of a GCC
|    builtin and then its argument prototype would still apply.  */
| #ifdef __cplusplus
| extern "C"
| #endif
| char DSYEV ();
| #ifdef F77_DUMMY_MAIN
| 
| #  ifdef __cplusplus
|      extern "C"
| #  endif
|    int F77_DUMMY_MAIN() { return 1; }
| 
| #endif
| int
| main ()
| {
| return DSYEV ();
|   ;
|   return 0;
| }
configure:22332: result: no
configure:22787: checking for lapack.pc and blas.pc
configure:22881: result: no
configure:22921: checking for function dsyev_ in -llapack -lblas 
configure:22949: gcc -o conftest -O2 -DNDEBUG    conftest.c -llapack -lblas  >&5
/usr/bin/ld: cannot find -llapack
/usr/bin/ld: cannot find -lblas
collect2: error: ld returned 1 exit status
configure:22949: $? = 1
configure: failed program was:
| /* confdefs.h */
| #define PACKAGE_NAME "Ipopt"
| #define PACKAGE_TARNAME "ipopt"
| #define PACKAGE_VERSION "3.13.2"
| #define PACKAGE_STRING "Ipopt 3.13.2"
| #define PACKAGE_BUGREPORT "https://github.com/coin-or/Ipopt/issues/new"
| #define PACKAGE_URL "https://github.com/coin-or/Ipopt"
| #define IPOPT_VERSION "3.13.2"
| #define IPOPT_VERSION_MAJOR 3
| #define IPOPT_VERSION_MINOR 13
| #define IPOPT_VERSION_RELEASE 2
| #define F77_FUNC(name,NAME) name ## _
| #define F77_FUNC_(name,NAME) name ## _
| #define STDC_HEADERS 1
| #define HAVE_SYS_TYPES_H 1
| #define HAVE_SYS_STAT_H 1
| #define HAVE_STDLIB_H 1
| #define HAVE_STRING_H 1
| #define HAVE_MEMORY_H 1
| #define HAVE_STRINGS_H 1
| #define HAVE_INTTYPES_H 1
| #define HAVE_STDINT_H 1
| #define HAVE_UNISTD_H 1
| #define HAVE_DLFCN_H 1
| #define LT_OBJDIR ".libs/"
| #define IPOPT_VERBOSITY 0
| #define IPOPT_CHECKLEVEL 0
| /* end confdefs.h.  */
| 
| /* Override any GCC internal prototype to avoid an error.
|    Use char because int might match the return type of a GCC
|    builtin and then its argument prototype would still apply.  */
| #ifdef __cplusplus
| extern "C"
| #endif
| char dsyev_ ();
| #ifdef F77_DUMMY_MAIN
| 
| #  ifdef __cplusplus
|      extern "C"
| #  endif
|    int F77_DUMMY_MAIN() { return 1; }
| 
| #endif
| int
| main ()
| {
| return dsyev_ ();
|   ;
|   return 0;
| }
configure:22957: result: no
configure:22921: checking for function dsyev in -llapack -lblas 
configure:22949: gcc -o conftest -O2 -DNDEBUG    conftest.c -llapack -lblas  >&5
/usr/bin/ld: cannot find -llapack
/usr/bin/ld: cannot find -lblas
collect2: error: ld returned 1 exit status
configure:22949: $? = 1
configure: failed program was:
| /* confdefs.h */
| #define PACKAGE_NAME "Ipopt"
| #define PACKAGE_TARNAME "ipopt"
| #define PACKAGE_VERSION "3.13.2"
| #define PACKAGE_STRING "Ipopt 3.13.2"
| #define PACKAGE_BUGREPORT "https://github.com/coin-or/Ipopt/issues/new"
| #define PACKAGE_URL "https://github.com/coin-or/Ipopt"
| #define IPOPT_VERSION "3.13.2"
| #define IPOPT_VERSION_MAJOR 3
| #define IPOPT_VERSION_MINOR 13
| #define IPOPT_VERSION_RELEASE 2
| #define F77_FUNC(name,NAME) name ## _
| #define F77_FUNC_(name,NAME) name ## _
| #define STDC_HEADERS 1
| #define HAVE_SYS_TYPES_H 1
| #define HAVE_SYS_STAT_H 1
| #define HAVE_STDLIB_H 1
| #define HAVE_STRING_H 1
| #define HAVE_MEMORY_H 1
| #define HAVE_STRINGS_H 1
| #define HAVE_INTTYPES_H 1
| #define HAVE_STDINT_H 1
| #define HAVE_UNISTD_H 1
| #define HAVE_DLFCN_H 1
| #define LT_OBJDIR ".libs/"
| #define IPOPT_VERBOSITY 0
| #define IPOPT_CHECKLEVEL 0
| /* end confdefs.h.  */
| 
| /* Override any GCC internal prototype to avoid an error.
|    Use char because int might match the return type of a GCC
|    builtin and then its argument prototype would still apply.  */
| #ifdef __cplusplus
| extern "C"
| #endif
| char dsyev ();
| #ifdef F77_DUMMY_MAIN
| 
| #  ifdef __cplusplus
|      extern "C"
| #  endif
|    int F77_DUMMY_MAIN() { return 1; }
| 
| #endif
| int
| main ()
| {
| return dsyev ();
|   ;
|   return 0;
| }
configure:22957: result: no
configure:22921: checking for function DSYEV_ in -llapack -lblas 
configure:22949: gcc -o conftest -O2 -DNDEBUG    conftest.c -llapack -lblas  >&5
/usr/bin/ld: cannot find -llapack
/usr/bin/ld: cannot find -lblas
collect2: error: ld returned 1 exit status
configure:22949: $? = 1
configure: failed program was:
| /* confdefs.h */
| #define PACKAGE_NAME "Ipopt"
| #define PACKAGE_TARNAME "ipopt"
| #define PACKAGE_VERSION "3.13.2"
| #define PACKAGE_STRING "Ipopt 3.13.2"
| #define PACKAGE_BUGREPORT "https://github.com/coin-or/Ipopt/issues/new"
| #define PACKAGE_URL "https://github.com/coin-or/Ipopt"
| #define IPOPT_VERSION "3.13.2"
| #define IPOPT_VERSION_MAJOR 3
| #define IPOPT_VERSION_MINOR 13
| #define IPOPT_VERSION_RELEASE 2
| #define F77_FUNC(name,NAME) name ## _
| #define F77_FUNC_(name,NAME) name ## _
| #define STDC_HEADERS 1
| #define HAVE_SYS_TYPES_H 1
| #define HAVE_SYS_STAT_H 1
| #define HAVE_STDLIB_H 1
| #define HAVE_STRING_H 1
| #define HAVE_MEMORY_H 1
| #define HAVE_STRINGS_H 1
| #define HAVE_INTTYPES_H 1
| #define HAVE_STDINT_H 1
| #define HAVE_UNISTD_H 1
| #define HAVE_DLFCN_H 1
| #define LT_OBJDIR ".libs/"
| #define IPOPT_VERBOSITY 0
| #define IPOPT_CHECKLEVEL 0
| /* end confdefs.h.  */
| 
| /* Override any GCC internal prototype to avoid an error.
|    Use char because int might match the return type of a GCC
|    builtin and then its argument prototype would still apply.  */
| #ifdef __cplusplus
| extern "C"
| #endif
| char DSYEV_ ();
| #ifdef F77_DUMMY_MAIN
| 
| #  ifdef __cplusplus
|      extern "C"
| #  endif
|    int F77_DUMMY_MAIN() { return 1; }
| 
| #endif
| int
| main ()
| {
| return DSYEV_ ();
|   ;
|   return 0;
| }
configure:22957: result: no
configure:22921: checking for function DSYEV in -llapack -lblas 
configure:22949: gcc -o conftest -O2 -DNDEBUG    conftest.c -llapack -lblas  >&5
/usr/bin/ld: cannot find -llapack
/usr/bin/ld: cannot find -lblas
collect2: error: ld returned 1 exit status
configure:22949: $? = 1
configure: failed program was:
| /* confdefs.h */
| #define PACKAGE_NAME "Ipopt"
| #define PACKAGE_TARNAME "ipopt"
| #define PACKAGE_VERSION "3.13.2"
| #define PACKAGE_STRING "Ipopt 3.13.2"
| #define PACKAGE_BUGREPORT "https://github.com/coin-or/Ipopt/issues/new"
| #define PACKAGE_URL "https://github.com/coin-or/Ipopt"
| #define IPOPT_VERSION "3.13.2"
| #define IPOPT_VERSION_MAJOR 3
| #define IPOPT_VERSION_MINOR 13
| #define IPOPT_VERSION_RELEASE 2
| #define F77_FUNC(name,NAME) name ## _
| #define F77_FUNC_(name,NAME) name ## _
| #define STDC_HEADERS 1
| #define HAVE_SYS_TYPES_H 1
| #define HAVE_SYS_STAT_H 1
| #define HAVE_STDLIB_H 1
| #define HAVE_STRING_H 1
| #define HAVE_MEMORY_H 1
| #define HAVE_STRINGS_H 1
| #define HAVE_INTTYPES_H 1
| #define HAVE_STDINT_H 1
| #define HAVE_UNISTD_H 1
| #define HAVE_DLFCN_H 1
| #define LT_OBJDIR ".libs/"
| #define IPOPT_VERBOSITY 0
| #define IPOPT_CHECKLEVEL 0
| /* end confdefs.h.  */
| 
| /* Override any GCC internal prototype to avoid an error.
|    Use char because int might match the return type of a GCC
|    builtin and then its argument prototype would still apply.  */
| #ifdef __cplusplus
| extern "C"
| #endif
| char DSYEV ();
| #ifdef F77_DUMMY_MAIN
| 
| #  ifdef __cplusplus
|      extern "C"
| #  endif
|    int F77_DUMMY_MAIN() { return 1; }
| 
| #endif
| int
| main ()
| {
| return DSYEV ();
|   ;
|   return 0;
| }
configure:22957: result: no
configure:23051: error: Required package LAPACK not found.

## ---------------- ##
## Cache variables. ##
## ---------------- ##

ac_cv_build=x86_64-pc-linux-gnu
ac_cv_c_compiler_gnu=yes
ac_cv_cxx_compiler_gnu=yes
ac_cv_env_ADD_CFLAGS_set=
ac_cv_env_ADD_CFLAGS_value=
ac_cv_env_ADD_CXXFLAGS_set=
ac_cv_env_ADD_CXXFLAGS_value=
ac_cv_env_ADD_FFLAGS_set=
ac_cv_env_ADD_FFLAGS_value=
ac_cv_env_CCC_set=
ac_cv_env_CCC_value=
ac_cv_env_CC_set=
ac_cv_env_CC_value=
ac_cv_env_CFLAGS_set=
ac_cv_env_CFLAGS_value=
ac_cv_env_CPPFLAGS_set=
ac_cv_env_CPPFLAGS_value=
ac_cv_env_CPP_set=
ac_cv_env_CPP_value=
ac_cv_env_CXXCPP_set=
ac_cv_env_CXXCPP_value=
ac_cv_env_CXXFLAGS_set=
ac_cv_env_CXXFLAGS_value=
ac_cv_env_CXXLIBS_set=
ac_cv_env_CXXLIBS_value=
ac_cv_env_CXX_set=
ac_cv_env_CXX_value=
ac_cv_env_F77_set=
ac_cv_env_F77_value=
ac_cv_env_FFLAGS_set=
ac_cv_env_FFLAGS_value=
ac_cv_env_LDFLAGS_set=
ac_cv_env_LDFLAGS_value=
ac_cv_env_LIBS_set=
ac_cv_env_LIBS_value=
ac_cv_env_LT_LDFLAGS_set=
ac_cv_env_LT_LDFLAGS_value=
ac_cv_env_LT_SYS_LIBRARY_PATH_set=
ac_cv_env_LT_SYS_LIBRARY_PATH_value=
ac_cv_env_PKG_CONFIG_set=
ac_cv_env_PKG_CONFIG_value=
ac_cv_env_build_alias_set=
ac_cv_env_build_alias_value=
ac_cv_env_host_alias_set=
ac_cv_env_host_alias_value=
ac_cv_env_target_alias_set=
ac_cv_env_target_alias_value=
ac_cv_f77_compiler_gnu=yes
ac_cv_f77_dummy_main=none
ac_cv_f77_libs=' -L/usr/lib/gcc/x86_64-linux-gnu/7 -L/usr/lib/gcc/x86_64-linux-gnu/7/../../../x86_64-linux-gnu -L/usr/lib/gcc/x86_64-linux-gnu/7/../../../../lib -L/lib/x86_64-linux-gnu -L/lib/../lib -L/usr/lib/x86_64-linux-gnu -L/usr/lib/../lib -L/usr/lib/gcc/x86_64-linux-gnu/7/../../.. -lgfortran -lm -lquadmath'
ac_cv_f77_mangling='lower case, underscore, no extra underscore'
ac_cv_fortran_dummy_main=none
ac_cv_header_dlfcn_h=yes
ac_cv_header_inttypes_h=yes
ac_cv_header_memory_h=yes
ac_cv_header_stdc=yes
ac_cv_header_stdint_h=yes
ac_cv_header_stdlib_h=yes
ac_cv_header_string_h=yes
ac_cv_header_strings_h=yes
ac_cv_header_sys_stat_h=yes
ac_cv_header_sys_types_h=yes
ac_cv_header_unistd_h=yes
ac_cv_host=x86_64-pc-linux-gnu
ac_cv_objext=o
ac_cv_path_EGREP='/bin/grep -E'
ac_cv_path_FGREP='/bin/grep -F'
ac_cv_path_GREP=/bin/grep
ac_cv_path_SED=/bin/sed
ac_cv_path_install='/usr/bin/install -c'
ac_cv_path_lt_DD=/bin/dd
ac_cv_path_mkdir=/bin/mkdir
ac_cv_prog_AWK=gawk
ac_cv_prog_CPP='gcc -E'
ac_cv_prog_CXXCPP='g++ -E'
ac_cv_prog_ac_ct_AR=ar
ac_cv_prog_ac_ct_CC=gcc
ac_cv_prog_ac_ct_CXX=g++
ac_cv_prog_ac_ct_F77=gfortran
ac_cv_prog_ac_ct_MANIFEST_TOOL=mt
ac_cv_prog_ac_ct_OBJDUMP=objdump
ac_cv_prog_ac_ct_PKG_CONFIG=pkg-config
ac_cv_prog_ac_ct_RANLIB=ranlib
ac_cv_prog_ac_ct_STRIP=strip
ac_cv_prog_cc_c89=
ac_cv_prog_cc_g=yes
ac_cv_prog_coin_doxy_usedot=NO
ac_cv_prog_coin_have_doxygen=no
ac_cv_prog_coin_have_latex=no
ac_cv_prog_cxx_c_o=yes
ac_cv_prog_cxx_g=yes
ac_cv_prog_f77_c_o=yes
ac_cv_prog_f77_g=yes
ac_cv_prog_f77_v=-v
ac_cv_prog_make_make_set=yes
ac_cv_search_cos=-lm
am_cv_CC_dependencies_compiler_type=gcc3
am_cv_CXX_dependencies_compiler_type=gcc3
am_cv_ar_interface=ar
am_cv_make_support_nested_variables=yes
am_cv_prog_cc_c_o=yes
lt_cv_ar_at_file=@
lt_cv_deplibs_check_method=pass_all
lt_cv_file_magic_cmd='$MAGIC_CMD'
lt_cv_file_magic_test_file=
lt_cv_ld_reload_flag=-r
lt_cv_nm_interface='BSD nm'
lt_cv_objdir=.libs
lt_cv_path_LD=/usr/bin/ld
lt_cv_path_LDCXX='/usr/bin/ld -m elf_x86_64'
lt_cv_path_NM='/usr/bin/nm -B'
lt_cv_path_mainfest_tool=no
lt_cv_prog_compiler_c_o=yes
lt_cv_prog_compiler_c_o_CXX=yes
lt_cv_prog_compiler_c_o_F77=yes
lt_cv_prog_compiler_pic='-fPIC -DPIC'
lt_cv_prog_compiler_pic_CXX='-fPIC -DPIC'
lt_cv_prog_compiler_pic_F77=-fPIC
lt_cv_prog_compiler_pic_works=yes
lt_cv_prog_compiler_pic_works_CXX=yes
lt_cv_prog_compiler_pic_works_F77=yes
lt_cv_prog_compiler_rtti_exceptions=no
lt_cv_prog_compiler_static_works=yes
lt_cv_prog_compiler_static_works_CXX=yes
lt_cv_prog_compiler_static_works_F77=yes
lt_cv_prog_gnu_ld=yes
lt_cv_prog_gnu_ldcxx=yes
lt_cv_sharedlib_from_linklib_cmd='printf %s\n'
lt_cv_shlibpath_overrides_runpath=yes
lt_cv_sys_global_symbol_pipe='sed -n -e '\''s/^.*[	 ]\([ABCDGIRSTW][ABCDGIRSTW]*\)[	 ][	 ]*\([_A-Za-z][_A-Za-z0-9]*\)$/\1 \2 \2/p'\'' | sed '\''/ __gnu_lto/d'\'''
lt_cv_sys_global_symbol_to_c_name_address='sed -n -e '\''s/^: \(.*\) .*$/  {"\1", (void *) 0},/p'\'' -e '\''s/^[ABCDGIRSTW][ABCDGIRSTW]* .* \(.*\)$/  {"\1", (void *) \&\1},/p'\'''
lt_cv_sys_global_symbol_to_c_name_address_lib_prefix='sed -n -e '\''s/^: \(.*\) .*$/  {"\1", (void *) 0},/p'\'' -e '\''s/^[ABCDGIRSTW][ABCDGIRSTW]* .* \(lib.*\)$/  {"\1", (void *) \&\1},/p'\'' -e '\''s/^[ABCDGIRSTW][ABCDGIRSTW]* .* \(.*\)$/  {"lib\1", (void *) \&\1},/p'\'''
lt_cv_sys_global_symbol_to_cdecl='sed -n -e '\''s/^T .* \(.*\)$/extern int \1();/p'\'' -e '\''s/^[ABCDGIRSTW][ABCDGIRSTW]* .* \(.*\)$/extern char \1;/p'\'''
lt_cv_sys_global_symbol_to_import=
lt_cv_sys_max_cmd_len=1572864
lt_cv_to_host_file_cmd=func_convert_file_noop
lt_cv_to_tool_file_cmd=func_convert_file_noop
lt_cv_truncate_bin='/bin/dd bs=4096 count=1'

## ----------------- ##
## Output variables. ##
## ----------------- ##

ACLOCAL='${SHELL} /home/caros/catkin_ws/my_udacity/CarND-MPC-Project/Ipopt-releases-3.13.2/missing aclocal-1.16'
ADD_CFLAGS=''
ADD_CXXFLAGS=''
ADD_FFLAGS=''
ALWAYS_FALSE_FALSE=''
ALWAYS_FALSE_TRUE='#'
AMDEPBACKSLASH='\'
AMDEP_FALSE='#'
AMDEP_TRUE=''
AMTAR='$${TAR-tar}'
AM_BACKSLASH='\'
AM_DEFAULT_V='$(AM_DEFAULT_VERBOSITY)'
AM_DEFAULT_VERBOSITY='0'
AM_V='$(V)'
AR='ar'
AS='as'
AUTOCONF='${SHELL} /home/caros/catkin_ws/my_udacity/CarND-MPC-Project/Ipopt-releases-3.13.2/missing autoconf'
AUTOHEADER='${SHELL} /home/caros/catkin_ws/my_udacity/CarND-MPC-Project/Ipopt-releases-3.13.2/missing autoheader'
AUTOMAKE='${SHELL} /home/caros/catkin_ws/my_udacity/CarND-MPC-Project/Ipopt-releases-3.13.2/missing automake-1.16'
AWK='gawk'
BIT32FCOMMENT=''
BIT64FCOMMENT=''
BITS_PER_POINTER=''
BUILD_INEXACT_FALSE=''
BUILD_INEXACT_TRUE=''
BUILD_JAVA_FALSE=''
BUILD_JAVA_TRUE=''
BUILD_LINEARSOLVERLOADER_FALSE=''
BUILD_LINEARSOLVERLOADER_TRUE=''
BUILD_SIPOPT_FALSE=''
BUILD_SIPOPT_TRUE=''
CC='gcc'
CCDEPMODE='depmode=gcc3'
CFLAGS='-O2 -DNDEBUG '
COIN_HAS_ASL_FALSE=''
COIN_HAS_ASL_TRUE=''
COIN_HAS_DOXYGEN_FALSE=''
COIN_HAS_DOXYGEN_TRUE='#'
COIN_HAS_F77_FALSE='#'
COIN_HAS_F77_TRUE=''
COIN_HAS_HSL_FALSE=''
COIN_HAS_HSL_TRUE=''
COIN_HAS_LAPACK_FALSE=''
COIN_HAS_LAPACK_TRUE='#'
COIN_HAS_LATEX_FALSE=''
COIN_HAS_LATEX_TRUE='#'
COIN_HAS_MUMPS_FALSE=''
COIN_HAS_MUMPS_TRUE=''
COIN_HAS_PKGCONFIG_FALSE='#'
COIN_HAS_PKGCONFIG_TRUE=''
COIN_PKG_CONFIG_PATH='/usr/local/lib/pkgconfig:'
COIN_RELOCATABLE_FALSE=''
COIN_RELOCATABLE_TRUE='#'
COIN_STATIC_BUILD_FALSE='#'
COIN_STATIC_BUILD_TRUE=''
CPP='gcc -E'
CPPFLAGS=''
CXX='g++'
CXXCPP='g++ -E'
CXXDEPMODE='depmode=gcc3'
CXXFLAGS='-O2 -DNDEBUG '
CXXLIBS='-lstdc++ -lm'
CYGPATH_W='echo'
DEFS=''
DEPDIR='.deps'
DLLTOOL='false'
DSYMUTIL=''
DUMPBIN=''
ECHO_C=''
ECHO_N='-n'
ECHO_T=''
EGREP='/bin/grep -E'
EXEEXT=''
F77='gfortran'
FFLAGS='-O2 '
FGREP='/bin/grep -F'
FLIBS=' -L/usr/lib/gcc/x86_64-linux-gnu/7 -L/usr/lib/gcc/x86_64-linux-gnu/7/../../../x86_64-linux-gnu -L/usr/lib/gcc/x86_64-linux-gnu/7/../../../../lib -L/lib/x86_64-linux-gnu -L/lib/../lib -L/usr/lib/x86_64-linux-gnu -L/usr/lib/../lib -L/usr/lib/gcc/x86_64-linux-gnu/7/../../.. -lgfortran -lm -lquadmath'
GREP='/bin/grep'
HAVE_MA28_FALSE=''
HAVE_MA28_TRUE=''
HAVE_PARDISO_FALSE=''
HAVE_PARDISO_TRUE=''
HAVE_WSMP_FALSE=''
HAVE_WSMP_TRUE=''
HSLLIB_CFLAGS=''
HSLLIB_CFLAGS_NOPC=''
HSLLIB_LFLAGS=''
HSLLIB_LFLAGS_NOPC=''
HSLLIB_PCFILES=''
INSTALL_DATA='${INSTALL} -m 644'
INSTALL_PROGRAM='${INSTALL}'
INSTALL_SCRIPT='${INSTALL}'
INSTALL_STRIP_PROGRAM='$(install_sh) -c -s'
IPALLLIBS=''
IPOPTAMPLINTERFACELIB_CFLAGS=''
IPOPTAMPLINTERFACELIB_CFLAGS_NOPC=''
IPOPTAMPLINTERFACELIB_LFLAGS=''
IPOPTAMPLINTERFACELIB_LFLAGS_NOPC=''
IPOPTAMPLINTERFACELIB_PCFILES=''
IPOPTLIB_CFLAGS=''
IPOPTLIB_CFLAGS_NOPC=''
IPOPTLIB_LFLAGS='-lm '
IPOPTLIB_LFLAGS_NOPC=''
IPOPTLIB_PCFILES=''
JAR=''
JAVA=''
JAVAC=''
JAVADOC=''
LD='/usr/bin/ld -m elf_x86_64'
LDFLAGS=''
LIBOBJS=''
LIBS=''
LIBTOOL='$(SHELL) $(top_builddir)/libtool'
LIPO=''
LN_S='ln -s'
LTLIBOBJS=''
LT_LDFLAGS=' -version-number 3:13:2 -no-undefined'
LT_SYS_LIBRARY_PATH=''
MAINT='#'
MAINTAINER_MODE_FALSE=''
MAINTAINER_MODE_TRUE='#'
MAKEINFO='${SHELL} /home/caros/catkin_ws/my_udacity/CarND-MPC-Project/Ipopt-releases-3.13.2/missing makeinfo'
MANIFEST_TOOL=':'
MKDIR_P='/bin/mkdir -p'
NM='/usr/bin/nm -B'
NMEDIT=''
OBJDUMP='objdump'
OBJEXT='o'
OTOOL64=''
OTOOL=''
PACKAGE='ipopt'
PACKAGE_BUGREPORT='https://github.com/coin-or/Ipopt/issues/new'
PACKAGE_NAME='Ipopt'
PACKAGE_STRING='Ipopt 3.13.2'
PACKAGE_TARNAME='ipopt'
PACKAGE_URL='https://github.com/coin-or/Ipopt'
PACKAGE_VERSION='3.13.2'
PATH_SEPARATOR=':'
PKG_CONFIG='pkg-config'
RANLIB='ranlib'
RPATH_FLAGS=''
SED='/bin/sed'
SET_MAKE=''
SHELL='/bin/bash'
SIPOPTAMPLINTERFACELIB_CFLAGS=''
SIPOPTAMPLINTERFACELIB_CFLAGS_NOPC=''
SIPOPTAMPLINTERFACELIB_LFLAGS=''
SIPOPTAMPLINTERFACELIB_LFLAGS_NOPC=''
SIPOPTAMPLINTERFACELIB_PCFILES=''
STRIP='strip'
VERSION='3.13.2'
_ACJNI_JAVAC=''
ac_ct_AR='ar'
ac_ct_CC='gcc'
ac_ct_CXX='g++'
ac_ct_DUMPBIN=''
ac_ct_F77='gfortran'
ac_ct_PKG_CONFIG='pkg-config'
am__EXEEXT_FALSE=''
am__EXEEXT_TRUE=''
am__fastdepCC_FALSE='#'
am__fastdepCC_TRUE=''
am__fastdepCXX_FALSE='#'
am__fastdepCXX_TRUE=''
am__include='include'
am__isrc=' -I$(srcdir)'
am__leading_dot='.'
am__nodep='_no'
am__quote=''
am__tar='$${TAR-tar} chof - "$$tardir"'
am__untar='$${TAR-tar} xf -'
bindir='${exec_prefix}/bin'
build='x86_64-pc-linux-gnu'
build_alias=''
build_cpu='x86_64'
build_os='linux-gnu'
build_vendor='pc'
coin_doxy_logname='ipopt_doxy.log'
coin_doxy_tagfiles=''
coin_doxy_tagname='ipopt_doxy.tag'
coin_doxy_usedot='NO'
coin_have_doxygen='no'
coin_have_latex='no'
datadir='${datarootdir}'
datarootdir='${prefix}/share'
docdir='${datarootdir}/doc/${PACKAGE_TARNAME}'
dvidir='${docdir}'
exec_prefix='NONE'
host='x86_64-pc-linux-gnu'
host_alias=''
host_cpu='x86_64'
host_os='linux-gnu'
host_vendor='pc'
htmldir='${docdir}'
includedir='${prefix}/include'
infodir='${datarootdir}/info'
install_sh='${SHELL} /home/caros/catkin_ws/my_udacity/CarND-MPC-Project/Ipopt-releases-3.13.2/install-sh'
libdir='${exec_prefix}/lib'
libexecdir='${exec_prefix}/libexec'
localedir='${datarootdir}/locale'
localstatedir='${prefix}/var'
mandir='${datarootdir}/man'
mkdir_p='$(MKDIR_P)'
oldincludedir='/usr/include'
pdfdir='${docdir}'
prefix='/usr/local'
program_transform_name='s,x,x,'
psdir='${docdir}'
sbindir='${exec_prefix}/sbin'
sharedstatedir='${prefix}/com'
sysconfdir='${prefix}/etc'
target_alias=''

## ----------- ##
## confdefs.h. ##
## ----------- ##

/* confdefs.h */
#define PACKAGE_NAME "Ipopt"
#define PACKAGE_TARNAME "ipopt"
#define PACKAGE_VERSION "3.13.2"
#define PACKAGE_STRING "Ipopt 3.13.2"
#define PACKAGE_BUGREPORT "https://github.com/coin-or/Ipopt/issues/new"
#define PACKAGE_URL "https://github.com/coin-or/Ipopt"
#define IPOPT_VERSION "3.13.2"
#define IPOPT_VERSION_MAJOR 3
#define IPOPT_VERSION_MINOR 13
#define IPOPT_VERSION_RELEASE 2
#define F77_FUNC(name,NAME) name ## _
#define F77_FUNC_(name,NAME) name ## _
#define STDC_HEADERS 1
#define HAVE_SYS_TYPES_H 1
#define HAVE_SYS_STAT_H 1
#define HAVE_STDLIB_H 1
#define HAVE_STRING_H 1
#define HAVE_MEMORY_H 1
#define HAVE_STRINGS_H 1
#define HAVE_INTTYPES_H 1
#define HAVE_STDINT_H 1
#define HAVE_UNISTD_H 1
#define HAVE_DLFCN_H 1
#define LT_OBJDIR ".libs/"
#define IPOPT_VERBOSITY 0
#define IPOPT_CHECKLEVEL 0

configure: exit 1
